#
# A fatal error has been detected by the Java Runtime Environment:
#
# java.lang.OutOfMemoryError: requested 32756 bytes for ChunkPool::allocate. Out of swap space?
#
#  Internal Error (allocation.cpp:117), pid=4080, tid=4288
#  Error: ChunkPool::allocate
#
# JRE version: 6.0_16-b01
# Java VM: Java HotSpot(TM) Client VM (14.2-b01 mixed mode, sharing windows-x86 )
# If you would like to submit a bug report, please visit:
#   http://java.sun.com/webapps/bugreport/crash.jsp
#

---------------  T H R E A D  ---------------

Current thread (0x02ab3400):  JavaThread "CompilerThread0" daemon [_thread_in_native, id=4288, stack(0x02ce0000,0x02d30000)]

Stack: [0x02ce0000,0x02d30000],  sp=0x02d2f5f0,  free space=317k
Native frames: (J=compiled Java code, j=interpreted, Vv=VM code, C=native code)
V  [jvm.dll+0x1e66c7]
V  [jvm.dll+0xa0c9c]
V  [jvm.dll+0x27e6]
V  [jvm.dll+0x29e2]
V  [jvm.dll+0x2be3]
V  [jvm.dll+0x1935d3]
V  [jvm.dll+0x5291d]
V  [jvm.dll+0x52a7a]
V  [jvm.dll+0x52f8a]
V  [jvm.dll+0x53118]
V  [jvm.dll+0x551b3]
V  [jvm.dll+0x26a67]
V  [jvm.dll+0x26b0a]
V  [jvm.dll+0x26c71]
V  [jvm.dll+0x26d84]
V  [jvm.dll+0x84df0]
V  [jvm.dll+0x858cf]
V  [jvm.dll+0x1d0424]
V  [jvm.dll+0x173e5c]
C  [msvcr71.dll+0x9565]
C  [kernel32.dll+0xb713]


Current CompileTask:
C1:164  !   sun.nio.cs.SingleByteEncoder.encodeArrayLoop(Ljava/nio/CharBuffer;Ljava/nio/ByteBuffer;)Ljava/nio/charset/CoderResult; (475 bytes)


---------------  P R O C E S S  ---------------

Java Threads: ( => current thread )
  0x02ab9800 JavaThread "Low Memory Detector" daemon [_thread_blocked, id=4260, stack(0x02d30000,0x02d80000)]
=>0x02ab3400 JavaThread "CompilerThread0" daemon [_thread_in_native, id=4288, stack(0x02ce0000,0x02d30000)]
  0x02ab1c00 JavaThread "Attach Listener" daemon [_thread_blocked, id=5844, stack(0x02c90000,0x02ce0000)]
  0x02ab0800 JavaThread "Signal Dispatcher" daemon [_thread_blocked, id=4296, stack(0x02c40000,0x02c90000)]
  0x02a71800 JavaThread "Finalizer" daemon [_thread_blocked, id=4188, stack(0x02bf0000,0x02c40000)]
  0x02a6cc00 JavaThread "Reference Handler" daemon [_thread_blocked, id=4128, stack(0x02ba0000,0x02bf0000)]
  0x002b6c00 JavaThread "main" [_thread_in_native, id=4760, stack(0x008c0000,0x00910000)]

Other Threads:
  0x02a6b400 VMThread [stack: 0x02b50000,0x02ba0000] [id=6020]
  0x02abb000 WatcherThread [stack: 0x02d80000,0x02dd0000] [id=4264]

VM state:not at safepoint (normal execution)

VM Mutex/Monitor currently owned by a thread: None

Heap
 def new generation   total 960K, used 882K [0x22990000, 0x22a90000, 0x22e70000)
  eden space 896K,  91% used [0x22990000, 0x22a5cb88, 0x22a70000)
  from space 64K,  99% used [0x22a80000, 0x22a8ffb8, 0x22a90000)
  to   space 64K,   0% used [0x22a70000, 0x22a70000, 0x22a80000)
 tenured generation   total 4096K, used 1733K [0x22e70000, 0x23270000, 0x26990000)
   the space 4096K,  42% used [0x22e70000, 0x230215e0, 0x23021600, 0x23270000)
 compacting perm gen  total 12288K, used 1013K [0x26990000, 0x27590000, 0x2a990000)
   the space 12288K,   8% used [0x26990000, 0x26a8d538, 0x26a8d600, 0x27590000)
    ro space 8192K,  67% used [0x2a990000, 0x2aef9040, 0x2aef9200, 0x2b190000)
    rw space 12288K,  54% used [0x2b190000, 0x2b80d348, 0x2b80d400, 0x2bd90000)

Dynamic libraries:
0x00400000 - 0x00424000 	C:\Program Files\Java\jdk1.6.0_16\jre\bin\java.exe
0x7c900000 - 0x7c9b5000 	C:\WINDOWS\system32\ntdll.dll
0x7c800000 - 0x7c900000 	C:\WINDOWS\system32\kernel32.dll
0x77f40000 - 0x77feb000 	C:\WINDOWS\system32\ADVAPI32.dll
0x77da0000 - 0x77e32000 	C:\WINDOWS\system32\RPCRT4.dll
0x77f10000 - 0x77f21000 	C:\WINDOWS\system32\Secur32.dll
0x7c340000 - 0x7c396000 	C:\Program Files\Java\jdk1.6.0_16\jre\bin\msvcr71.dll
0x6d8b0000 - 0x6db3b000 	C:\Program Files\Java\jdk1.6.0_16\jre\bin\client\jvm.dll
0x7e390000 - 0x7e421000 	C:\WINDOWS\system32\USER32.dll
0x77e40000 - 0x77e89000 	C:\WINDOWS\system32\GDI32.dll
0x76af0000 - 0x76b1e000 	C:\WINDOWS\system32\WINMM.dll
0x6d860000 - 0x6d86c000 	C:\Program Files\Java\jdk1.6.0_16\jre\bin\verify.dll
0x6d3e0000 - 0x6d3ff000 	C:\Program Files\Java\jdk1.6.0_16\jre\bin\java.dll
0x6d340000 - 0x6d348000 	C:\Program Files\Java\jdk1.6.0_16\jre\bin\hpi.dll
0x76bb0000 - 0x76bbb000 	C:\WINDOWS\system32\PSAPI.DLL
0x6d8a0000 - 0x6d8af000 	C:\Program Files\Java\jdk1.6.0_16\jre\bin\zip.dll

VM Arguments:
java_command: net.java.bd.tools.security.BDCertGenerator -root 7fff0001
Launcher Type: SUN_STANDARD

Environment Variables:
PATH=C:\WINDOWS\system32;C:\WINDOWS;C:\WINDOWS\System32\Wbem;C:\Program Files\TortoiseSVN\bin;C:\Program Files\Git\cmd
USERNAME=student
OS=Windows_NT
PROCESSOR_IDENTIFIER=x86 Family 6 Model 61 Stepping 4, GenuineIntel



---------------  S Y S T E M  ---------------

OS: Windows XP Build 2600 Service Pack 3

CPU:total 1 (1 cores per cpu, 1 threads per core) family 6 model 61 stepping 4, cmov, cx8, fxsr, mmx, sse, sse2, sse3, ssse3, sse4.1, sse4.2

Memory: 4k page, physical 523696k(78336k free), swap 883220k(5120k free)

vm_info: Java HotSpot(TM) Client VM (14.2-b01) for windows-x86 JRE (1.6.0_16-b01), built on Jul 31 2009 11:26:58 by "java_re" with MS VC++ 7.1

time: Mon Jun 18 14:20:50 2018
elapsed time: 0 seconds

